{ message: 'Listening on port 3000...', level: '\x1B[32minfo\x1B[39m' }
{
  message: 'Connected with database...',
  level: '\x1B[32minfo\x1B[39m'
}
{ message: 'Listening on port 3000...', level: '\x1B[32minfo\x1B[39m' }
{
  message: 'Connected with database...',
  level: '\x1B[32minfo\x1B[39m'
}
{
  message: 'Connected with database...',
  level: '\x1B[32minfo\x1B[39m'
}
{
  message: 'Connected with database...',
  level: '\x1B[32minfo\x1B[39m'
}
{ message: 'Listening on port 3000...', level: '\x1B[32minfo\x1B[39m' }
{
  message: 'Connected with database...',
  level: '\x1B[32minfo\x1B[39m'
}
{ message: 'Listening on port 3000...', level: '\x1B[32minfo\x1B[39m' }
{
  message: 'Connected with database...',
  level: '\x1B[32minfo\x1B[39m'
}
{ message: 'Listening on port 3000...', level: '\x1B[32minfo\x1B[39m' }
{ message: 'Listening on port 3000...', level: '\x1B[32minfo\x1B[39m' }
{
  message: 'Connected with database...',
  level: '\x1B[32minfo\x1B[39m'
}
{ message: 'Listening on port 3000...', level: '\x1B[32minfo\x1B[39m' }
{
  message: 'Connected with database...',
  level: '\x1B[32minfo\x1B[39m'
}
{ message: 'Listening on port 3000...', level: '\x1B[32minfo\x1B[39m' }
{ message: 'Listening on port 3000...', level: '\x1B[32minfo\x1B[39m' }
{ message: 'Listening on port 3000...', level: '\x1B[32minfo\x1B[39m' }
{ message: 'Listening on port 3000...', level: '\x1B[32minfo\x1B[39m' }
{
  message: 'Connected with database...',
  level: '\x1B[32minfo\x1B[39m'
}
{ message: 'Listening on port 3000...', level: '\x1B[32minfo\x1B[39m' }
{
  message: 'Connected with database...',
  level: '\x1B[32minfo\x1B[39m'
}
{ message: 'Listening on port 3000...', level: '\x1B[32minfo\x1B[39m' }
{
  message: 'Connected with database...',
  level: '\x1B[32minfo\x1B[39m'
}
{ message: 'Listening on port 3000...', level: '\x1B[32minfo\x1B[39m' }
{
  message: 'Connected with database...',
  level: '\x1B[32minfo\x1B[39m'
}
{ message: 'Listening on port 3000...', level: '\x1B[32minfo\x1B[39m' }
{
  message: 'Connected with database...',
  level: '\x1B[32minfo\x1B[39m'
}
{ message: 'Listening on port 3000...', level: '\x1B[32minfo\x1B[39m' }
{
  message: 'Connected with database...',
  level: '\x1B[32minfo\x1B[39m'
}
{ message: 'Listening on port 3000...', level: '\x1B[32minfo\x1B[39m' }
{ message: 'Listening on port 3000...', level: '\x1B[32minfo\x1B[39m' }
{
  message: 'Connected with database...',
  level: '\x1B[32minfo\x1B[39m'
}
{ message: 'Listening on port 3000...', level: '\x1B[32minfo\x1B[39m' }
{
  message: 'Connected with database...',
  level: '\x1B[32minfo\x1B[39m'
}
{ message: 'Listening on port 3000...', level: '\x1B[32minfo\x1B[39m' }
{
  message: 'Connected with database...',
  level: '\x1B[32minfo\x1B[39m'
}
{ message: 'Listening on port 3000...', level: '\x1B[32minfo\x1B[39m' }
{
  message: 'Connected with database...',
  level: '\x1B[32minfo\x1B[39m'
}
{ message: 'Listening on port 3000...', level: '\x1B[32minfo\x1B[39m' }
{ message: 'Listening on port 3000...', level: '\x1B[32minfo\x1B[39m' }
{
  message: 'Connected with database...',
  level: '\x1B[32minfo\x1B[39m'
}
{ message: 'Listening on port 3000...', level: '\x1B[32minfo\x1B[39m' }
{
  message: 'Connected with database...',
  level: '\x1B[32minfo\x1B[39m'
}
{ message: 'Listening on port 3000...', level: '\x1B[32minfo\x1B[39m' }
{
  message: 'Connected with database...',
  level: '\x1B[32minfo\x1B[39m'
}
{ message: 'Listening on port 3000...', level: '\x1B[32minfo\x1B[39m' }
{
  message: 'Connected with database...',
  level: '\x1B[32minfo\x1B[39m'
}
{ message: 'Listening on port 3000...', level: '\x1B[32minfo\x1B[39m' }
{
  message: 'Connected with database...',
  level: '\x1B[32minfo\x1B[39m'
}
{ message: 'Listening on port 3000...', level: '\x1B[32minfo\x1B[39m' }
{
  message: 'Connected with database...',
  level: '\x1B[32minfo\x1B[39m'
}
{ message: 'Listening on port 3000...', level: '\x1B[32minfo\x1B[39m' }
{
  message: 'Connected with database...',
  level: '\x1B[32minfo\x1B[39m'
}
{ message: 'Listening on port 3000...', level: '\x1B[32minfo\x1B[39m' }
{
  message: 'Connected with database...',
  level: '\x1B[32minfo\x1B[39m'
}
{ message: 'Listening on port 3000...', level: '\x1B[32minfo\x1B[39m' }
{
  message: 'Connected with database...',
  level: '\x1B[32minfo\x1B[39m'
}
{ message: 'Listening on port 3000...', level: '\x1B[32minfo\x1B[39m' }
{
  message: 'Connected with database...',
  level: '\x1B[32minfo\x1B[39m'
}
{ message: 'Listening on port 3000...', level: '\x1B[32minfo\x1B[39m' }
{
  message: 'Connected with database...',
  level: '\x1B[32minfo\x1B[39m'
}
{ message: 'Listening on port 3000...', level: '\x1B[32minfo\x1B[39m' }
{
  message: 'Connected with database...',
  level: '\x1B[32minfo\x1B[39m'
}
{ message: 'Listening on port 3000...', level: '\x1B[32minfo\x1B[39m' }
{
  message: 'Connected with database...',
  level: '\x1B[32minfo\x1B[39m'
}
{ message: 'Listening on port 3000...', level: '\x1B[32minfo\x1B[39m' }
{
  message: 'Connected with database...',
  level: '\x1B[32minfo\x1B[39m'
}
{ message: 'Listening on port 3000...', level: '\x1B[32minfo\x1B[39m' }
{
  message: 'Connected with database...',
  level: '\x1B[32minfo\x1B[39m'
}
{ message: 'Listening on port 3000...', level: '\x1B[32minfo\x1B[39m' }
{
  message: 'Connected with database...',
  level: '\x1B[32minfo\x1B[39m'
}
{ message: 'Listening on port 3000...', level: '\x1B[32minfo\x1B[39m' }
{
  message: 'Connected with database...',
  level: '\x1B[32minfo\x1B[39m'
}
{ message: 'Listening on port 3000...', level: '\x1B[32minfo\x1B[39m' }
{
  message: 'Connected with database...',
  level: '\x1B[32minfo\x1B[39m'
}
{ message: 'Listening on port 3000...', level: '\x1B[32minfo\x1B[39m' }
{
  message: 'Connected with database...',
  level: '\x1B[32minfo\x1B[39m'
}
{ message: 'Listening on port 3000...', level: '\x1B[32minfo\x1B[39m' }
{
  message: 'Connected with database...',
  level: '\x1B[32minfo\x1B[39m'
}
{ message: 'Listening on port 3000...', level: '\x1B[32minfo\x1B[39m' }
{
  message: 'Connected with database...',
  level: '\x1B[32minfo\x1B[39m'
}
{ message: 'Listening on port 3000...', level: '\x1B[32minfo\x1B[39m' }
{
  message: 'Connected with database...',
  level: '\x1B[32minfo\x1B[39m'
}
{ message: 'Listening on port 3000...', level: '\x1B[32minfo\x1B[39m' }
{
  message: 'Connected with database...',
  level: '\x1B[32minfo\x1B[39m'
}
{ message: 'Listening on port 3000...', level: '\x1B[32minfo\x1B[39m' }
{
  message: 'Connected with database...',
  level: '\x1B[32minfo\x1B[39m'
}
{ message: 'Listening on port 3000...', level: '\x1B[32minfo\x1B[39m' }
{
  message: 'Connected with database...',
  level: '\x1B[32minfo\x1B[39m'
}
{ message: 'Listening on port 3000...', level: '\x1B[32minfo\x1B[39m' }
{
  level: '\x1B[32minfo\x1B[39m',
  message: ReferenceError: db is not defined
      at C:\Users\andyc\myProject\movieStore\startup\db.js:12:56
      at tryCatcher (C:\Users\andyc\myProject\movieStore\node_modules\fawn\node_modules\bluebird\js\release\util.js:16:23)
      at Promise._settlePromiseFromHandler (C:\Users\andyc\myProject\movieStore\node_modules\fawn\node_modules\bluebird\js\release\promise.js:512:31)
      at Promise._settlePromise (C:\Users\andyc\myProject\movieStore\node_modules\fawn\node_modules\bluebird\js\release\promise.js:569:18)
      at Promise._settlePromise0 (C:\Users\andyc\myProject\movieStore\node_modules\fawn\node_modules\bluebird\js\release\promise.js:614:10)
      at Promise._settlePromises (C:\Users\andyc\myProject\movieStore\node_modules\fawn\node_modules\bluebird\js\release\promise.js:693:18)
      at Async.Object.<anonymous>.Async._drainQueue (C:\Users\andyc\myProject\movieStore\node_modules\fawn\node_modules\bluebird\js\release\async.js:133:16)
      at Async.Object.<anonymous>.Async._drainQueues (C:\Users\andyc\myProject\movieStore\node_modules\fawn\node_modules\bluebird\js\release\async.js:143:10)
      at Immediate.Async.drainQueues [as _onImmediate] (C:\Users\andyc\myProject\movieStore\node_modules\fawn\node_modules\bluebird\js\release\async.js:17:14)
      at processImmediate (internal/timers.js:464:21)
}
{ message: 'Listening on port 3000...', level: '\x1B[32minfo\x1B[39m' }
{
  message: 'Connected with database mongodb://localhost/store_tests...',
  level: '\x1B[32minfo\x1B[39m'
}
{ message: 'Listening on port 3000...', level: '\x1B[32minfo\x1B[39m' }
{
  message: 'Connected with database mongodb://localhost/store_tests...',
  level: '\x1B[32minfo\x1B[39m'
}
{ message: 'Listening on port 3000...', level: '\x1B[32minfo\x1B[39m' }
{
  message: 'Connected with database mongodb://localhost/store_tests...',
  level: '\x1B[32minfo\x1B[39m'
}
{ message: 'Listening on port 3000...', level: '\x1B[32minfo\x1B[39m' }
{
  message: 'Connected with database mongodb://localhost/store_tests...',
  level: '\x1B[32minfo\x1B[39m'
}
{ message: 'Listening on port 3000...', level: '\x1B[32minfo\x1B[39m' }
{
  message: 'Connected with database mongodb://localhost/store_tests...',
  level: '\x1B[32minfo\x1B[39m'
}
{ message: 'Listening on port 3000...', level: '\x1B[32minfo\x1B[39m' }
{
  message: 'Connected with database mongodb://localhost/store_tests...',
  level: '\x1B[32minfo\x1B[39m'
}
{ message: 'Listening on port 3000...', level: '\x1B[32minfo\x1B[39m' }
{
  message: 'Connected with database mongodb://localhost/store_tests...',
  level: '\x1B[32minfo\x1B[39m'
}
{ message: 'Listening on port 3000...', level: '\x1B[32minfo\x1B[39m' }
{
  message: 'Connected with database mongodb://localhost/store_tests...',
  level: '\x1B[32minfo\x1B[39m'
}
{ message: 'Listening on port 3000...', level: '\x1B[32minfo\x1B[39m' }
{
  message: 'Connected with database mongodb://localhost/store_tests...',
  level: '\x1B[32minfo\x1B[39m'
}
{ message: 'Listening on port 3000...', level: '\x1B[32minfo\x1B[39m' }
{
  message: 'Connected with database mongodb://localhost/store_tests...',
  level: '\x1B[32minfo\x1B[39m'
}
{ message: 'Listening on port 3000...', level: '\x1B[32minfo\x1B[39m' }
{
  message: 'Connected with database mongodb://localhost/store_tests...',
  level: '\x1B[32minfo\x1B[39m'
}
{ message: 'Listening on port 3000...', level: '\x1B[32minfo\x1B[39m' }
{
  message: 'Connected with database mongodb://localhost/store_tests...',
  level: '\x1B[32minfo\x1B[39m'
}
{ message: 'Listening on port 3000...', level: '\x1B[32minfo\x1B[39m' }
{
  message: 'Connected with database mongodb://localhost/store_tests...',
  level: '\x1B[32minfo\x1B[39m'
}
{ message: 'Listening on port 3000...', level: '\x1B[32minfo\x1B[39m' }
{
  message: 'Connected with database mongodb://localhost/store_tests...',
  level: '\x1B[32minfo\x1B[39m'
}
{ message: 'Listening on port 3000...', level: '\x1B[32minfo\x1B[39m' }
{
  message: 'Connected with database mongodb://localhost/store_tests...',
  level: '\x1B[32minfo\x1B[39m'
}
{ message: 'Listening on port 3000...', level: '\x1B[32minfo\x1B[39m' }
{
  message: 'Connected with database mongodb://localhost/store_tests...',
  level: '\x1B[32minfo\x1B[39m'
}
{ message: 'Listening on port 3000...', level: '\x1B[32minfo\x1B[39m' }
{
  message: 'Connected with database mongodb://localhost/store_tests...',
  level: '\x1B[32minfo\x1B[39m'
}
