{
  error: Error: dsd
      at Object.<anonymous> (C:\Users\andyc\myProject\movieStore\index.js:16:7)
      at Module._compile (internal/modules/cjs/loader.js:1085:14)
      at Object.Module._extensions..js (internal/modules/cjs/loader.js:1114:10)
      at Module.load (internal/modules/cjs/loader.js:950:32)
      at Function.Module._load (internal/modules/cjs/loader.js:790:14)
      at Function.executeUserEntryPoint [as runMain] (internal/modules/run_main.js:76:12)
      at internal/main/run_main_module.js:17:47,
  level: '\x1B[31merror\x1B[39m',
  message: 'uncaughtException: dsd\n' +
    'Error: dsd\n' +
    '    at Object.<anonymous> (C:\\Users\\andyc\\myProject\\movieStore\\index.js:16:7)\n' +
    '    at Module._compile (internal/modules/cjs/loader.js:1085:14)\n' +
    '    at Object.Module._extensions..js (internal/modules/cjs/loader.js:1114:10)\n' +
    '    at Module.load (internal/modules/cjs/loader.js:950:32)\n' +
    '    at Function.Module._load (internal/modules/cjs/loader.js:790:14)\n' +
    '    at Function.executeUserEntryPoint [as runMain] (internal/modules/run_main.js:76:12)\n' +
    '    at internal/main/run_main_module.js:17:47',
  stack: 'Error: dsd\n' +
    '    at Object.<anonymous> (C:\\Users\\andyc\\myProject\\movieStore\\index.js:16:7)\n' +
    '    at Module._compile (internal/modules/cjs/loader.js:1085:14)\n' +
    '    at Object.Module._extensions..js (internal/modules/cjs/loader.js:1114:10)\n' +
    '    at Module.load (internal/modules/cjs/loader.js:950:32)\n' +
    '    at Function.Module._load (internal/modules/cjs/loader.js:790:14)\n' +
    '    at Function.executeUserEntryPoint [as runMain] (internal/modules/run_main.js:76:12)\n' +
    '    at internal/main/run_main_module.js:17:47',
  exception: true,
  date: 'Wed Aug 18 2021 09:34:23 GMT+1000 (Australian Eastern Standard Time)',
  process: {
    pid: 976,
    uid: null,
    gid: null,
    cwd: 'C:\\Users\\andyc\\myProject\\movieStore',
    execPath: 'C:\\Program Files\\nodejs\\node.exe',
    version: 'v14.17.1',
    argv: [
      'C:\\Program Files\\nodejs\\node.exe',
      'C:\\Users\\andyc\\myProject\\movieStore\\index.js'
    ],
    memoryUsage: {
      rss: 66363392,
      heapTotal: 57253888,
      heapUsed: 27714128,
      external: 20192939,
      arrayBuffers: 18594625
    }
  },
  os: { loadavg: [ 0, 0, 0 ], uptime: 85574 },
  trace: [
    {
      column: 7,
      file: 'C:\\Users\\andyc\\myProject\\movieStore\\index.js',
      function: null,
      line: 16,
      method: null,
      native: false
    },
    {
      column: 14,
      file: 'internal/modules/cjs/loader.js',
      function: 'Module._compile',
      line: 1085,
      method: '_compile',
      native: false
    },
    {
      column: 10,
      file: 'internal/modules/cjs/loader.js',
      function: 'Module._extensions..js',
      line: 1114,
      method: '.js',
      native: false
    },
    {
      column: 32,
      file: 'internal/modules/cjs/loader.js',
      function: 'Module.load',
      line: 950,
      method: 'load',
      native: false
    },
    {
      column: 14,
      file: 'internal/modules/cjs/loader.js',
      function: 'Module._load',
      line: 790,
      method: '_load',
      native: false
    },
    {
      column: 12,
      file: 'internal/modules/run_main.js',
      function: 'Function.executeUserEntryPoint [as runMain]',
      line: 76,
      method: 'executeUserEntryPoint [as runMain]',
      native: false
    },
    {
      column: 47,
      file: 'internal/main/run_main_module.js',
      function: null,
      line: 17,
      method: null,
      native: false
    }
  ]
}
